
**** Build of configuration Debug for project RicMesh ****

make all 
Building file: ../src/RicMesh.cpp
Invoking: GCC C++ Compiler
g++ -I../../include -O0 -g3 -Wall -c -fmessage-length=0 -MMD -MP -MF"src/RicMesh.d" -MT"src/RicMesh.d" -o"src/RicMesh.o" "../src/RicMesh.cpp"
Finished building: ../src/RicMesh.cpp
 
Building file: ../src/RicMeshSet.cpp
Invoking: GCC C++ Compiler
g++ -I../../include -O0 -g3 -Wall -c -fmessage-length=0 -MMD -MP -MF"src/RicMeshSet.d" -MT"src/RicMeshSet.d" -o"src/RicMeshSet.o" "../src/RicMeshSet.cpp"
Finished building: ../src/RicMeshSet.cpp
 
Building file: ../src/RicTexture.cpp
Invoking: GCC C++ Compiler
g++ -I../../include -O0 -g3 -Wall -c -fmessage-length=0 -MMD -MP -MF"src/RicTexture.d" -MT"src/RicTexture.d" -o"src/RicTexture.o" "../src/RicTexture.cpp"
Finished building: ../src/RicTexture.cpp
 
Building file: ../src/RicTextureSet.cpp
Invoking: GCC C++ Compiler
g++ -I../../include -O0 -g3 -Wall -c -fmessage-length=0 -MMD -MP -MF"src/RicTextureSet.d" -MT"src/RicTextureSet.d" -o"src/RicTextureSet.o" "../src/RicTextureSet.cpp"
Finished building: ../src/RicTextureSet.cpp
 
Building target: libRicMeshd.a
Invoking: GCC Archiver
ar -r "libRicMeshd.a"  ./src/RicMesh.o ./src/RicMeshSet.o ./src/RicTexture.o ./src/RicTextureSet.o   
ar: creating libRicMeshd.a
Finished building target: libRicMeshd.a
 
